<?xml version="1.0" encoding="UTF-8"?>
<testsuite xmlns:xsi="http://www.w3.org/2001/XMLSchema-instance" xsi:noNamespaceSchemaLocation="https://maven.apache.org/surefire/maven-surefire-plugin/xsd/surefire-test-report-3.0.xsd" version="3.0" name="TestToTest" time="0.03" tests="1" errors="0" skipped="0" failures="0">
  <properties>
    <property name="sun.desktop" value="windows"/>
    <property name="awt.toolkit" value="sun.awt.windows.WToolkit"/>
    <property name="java.specification.version" value="11"/>
    <property name="sun.cpu.isalist" value="amd64"/>
    <property name="sun.jnu.encoding" value="GBK"/>
    <property name="java.class.path" value="D:\testTest\demo\target\test-classes;D:\testTest\demo\target\classes;C:\Users\HBH\.m2\repository\jakarta\servlet\jakarta.servlet-api\5.0.0\jakarta.servlet-api-5.0.0.jar;C:\Users\HBH\.m2\repository\org\glassfish\jersey\containers\jersey-container-servlet\3.0.4\jersey-container-servlet-3.0.4.jar;C:\Users\HBH\.m2\repository\org\glassfish\jersey\containers\jersey-container-servlet-core\3.0.4\jersey-container-servlet-core-3.0.4.jar;C:\Users\HBH\.m2\repository\jakarta\inject\jakarta.inject-api\2.0.0\jakarta.inject-api-2.0.0.jar;C:\Users\HBH\.m2\repository\org\glassfish\jersey\core\jersey-common\3.0.4\jersey-common-3.0.4.jar;C:\Users\HBH\.m2\repository\jakarta\annotation\jakarta.annotation-api\2.0.0\jakarta.annotation-api-2.0.0.jar;C:\Users\HBH\.m2\repository\org\glassfish\hk2\osgi-resource-locator\1.0.3\osgi-resource-locator-1.0.3.jar;C:\Users\HBH\.m2\repository\org\glassfish\jersey\core\jersey-server\3.0.4\jersey-server-3.0.4.jar;C:\Users\HBH\.m2\repository\org\glassfish\jersey\core\jersey-client\3.0.4\jersey-client-3.0.4.jar;C:\Users\HBH\.m2\repository\jakarta\validation\jakarta.validation-api\3.0.0\jakarta.validation-api-3.0.0.jar;C:\Users\HBH\.m2\repository\jakarta\ws\rs\jakarta.ws.rs-api\3.0.0\jakarta.ws.rs-api-3.0.0.jar;C:\Users\HBH\.m2\repository\org\glassfish\jersey\media\jersey-media-json-jackson\3.0.4\jersey-media-json-jackson-3.0.4.jar;C:\Users\HBH\.m2\repository\org\glassfish\jersey\ext\jersey-entity-filtering\3.0.4\jersey-entity-filtering-3.0.4.jar;C:\Users\HBH\.m2\repository\com\fasterxml\jackson\core\jackson-annotations\2.13.0\jackson-annotations-2.13.0.jar;C:\Users\HBH\.m2\repository\com\fasterxml\jackson\core\jackson-databind\2.13.0\jackson-databind-2.13.0.jar;C:\Users\HBH\.m2\repository\com\fasterxml\jackson\core\jackson-core\2.13.0\jackson-core-2.13.0.jar;C:\Users\HBH\.m2\repository\com\fasterxml\jackson\module\jackson-module-jakarta-xmlbind-annotations\2.13.0\jackson-module-jakarta-xmlbind-annotations-2.13.0.jar;C:\Users\HBH\.m2\repository\jakarta\xml\bind\jakarta.xml.bind-api\3.0.1\jakarta.xml.bind-api-3.0.1.jar;C:\Users\HBH\.m2\repository\com\sun\activation\jakarta.activation\2.0.1\jakarta.activation-2.0.1.jar;C:\Users\HBH\.m2\repository\org\glassfish\jersey\inject\jersey-cdi2-se\3.0.4\jersey-cdi2-se-3.0.4.jar;C:\Users\HBH\.m2\repository\jakarta\enterprise\jakarta.enterprise.cdi-api\3.0.0\jakarta.enterprise.cdi-api-3.0.0.jar;C:\Users\HBH\.m2\repository\jakarta\el\jakarta.el-api\4.0.0\jakarta.el-api-4.0.0.jar;C:\Users\HBH\.m2\repository\jakarta\interceptor\jakarta.interceptor-api\2.0.0\jakarta.interceptor-api-2.0.0.jar;C:\Users\HBH\.m2\repository\org\jboss\weld\se\weld-se-core\4.0.3.Final\weld-se-core-4.0.3.Final.jar;C:\Users\HBH\.m2\repository\org\jboss\weld\environment\weld-environment-common\4.0.3.Final\weld-environment-common-4.0.3.Final.jar;C:\Users\HBH\.m2\repository\org\jboss\weld\weld-core-impl\4.0.3.Final\weld-core-impl-4.0.3.Final.jar;C:\Users\HBH\.m2\repository\org\jboss\weld\weld-api\4.0.SP1\weld-api-4.0.SP1.jar;C:\Users\HBH\.m2\repository\org\jboss\weld\weld-spi\4.0.SP1\weld-spi-4.0.SP1.jar;C:\Users\HBH\.m2\repository\org\jboss\logging\jboss-logging\3.4.3.Final\jboss-logging-3.4.3.Final.jar;C:\Users\HBH\.m2\repository\org\jboss\weld\probe\weld-probe-core\4.0.3.Final\weld-probe-core-4.0.3.Final.jar;C:\Users\HBH\.m2\repository\org\jboss\classfilewriter\jboss-classfilewriter\1.2.5.Final\jboss-classfilewriter-1.2.5.Final.jar;C:\Users\HBH\.m2\repository\org\junit\jupiter\junit-jupiter-api\5.9.2\junit-jupiter-api-5.9.2.jar;C:\Users\HBH\.m2\repository\org\opentest4j\opentest4j\1.2.0\opentest4j-1.2.0.jar;C:\Users\HBH\.m2\repository\org\junit\platform\junit-platform-commons\1.9.2\junit-platform-commons-1.9.2.jar;C:\Users\HBH\.m2\repository\org\apiguardian\apiguardian-api\1.1.2\apiguardian-api-1.1.2.jar;C:\Users\HBH\.m2\repository\org\junit\jupiter\junit-jupiter-engine\5.9.2\junit-jupiter-engine-5.9.2.jar;C:\Users\HBH\.m2\repository\org\junit\platform\junit-platform-engine\1.9.2\junit-platform-engine-1.9.2.jar;"/>
    <property name="java.vm.vendor" value="Oracle Corporation"/>
    <property name="sun.arch.data.model" value="64"/>
    <property name="user.variant" value=""/>
    <property name="java.vendor.url" value="https://openjdk.java.net/"/>
    <property name="user.timezone" value="Asia/Shanghai"/>
    <property name="java.vm.specification.version" value="11"/>
    <property name="os.name" value="Windows 10"/>
    <property name="sun.java.launcher" value="SUN_STANDARD"/>
    <property name="user.country" value="CN"/>
    <property name="sun.boot.library.path" value="C:\Program Files\Java\jdk-11.0.16.1\bin"/>
    <property name="sun.java.command" value="C:\Users\HBH\AppData\Local\Temp\surefire12562872260559053525\surefirebooter-20231102201624013_3.jar C:\Users\HBH\AppData\Local\Temp\surefire12562872260559053525 2023-11-02T20-16-17_457-jvmRun1 surefire-20231102201624013_1tmp surefire_0-20231102201624013_2tmp"/>
    <property name="jdk.debug" value="release"/>
    <property name="surefire.test.class.path" value="D:\testTest\demo\target\test-classes;D:\testTest\demo\target\classes;C:\Users\HBH\.m2\repository\jakarta\servlet\jakarta.servlet-api\5.0.0\jakarta.servlet-api-5.0.0.jar;C:\Users\HBH\.m2\repository\org\glassfish\jersey\containers\jersey-container-servlet\3.0.4\jersey-container-servlet-3.0.4.jar;C:\Users\HBH\.m2\repository\org\glassfish\jersey\containers\jersey-container-servlet-core\3.0.4\jersey-container-servlet-core-3.0.4.jar;C:\Users\HBH\.m2\repository\jakarta\inject\jakarta.inject-api\2.0.0\jakarta.inject-api-2.0.0.jar;C:\Users\HBH\.m2\repository\org\glassfish\jersey\core\jersey-common\3.0.4\jersey-common-3.0.4.jar;C:\Users\HBH\.m2\repository\jakarta\annotation\jakarta.annotation-api\2.0.0\jakarta.annotation-api-2.0.0.jar;C:\Users\HBH\.m2\repository\org\glassfish\hk2\osgi-resource-locator\1.0.3\osgi-resource-locator-1.0.3.jar;C:\Users\HBH\.m2\repository\org\glassfish\jersey\core\jersey-server\3.0.4\jersey-server-3.0.4.jar;C:\Users\HBH\.m2\repository\org\glassfish\jersey\core\jersey-client\3.0.4\jersey-client-3.0.4.jar;C:\Users\HBH\.m2\repository\jakarta\validation\jakarta.validation-api\3.0.0\jakarta.validation-api-3.0.0.jar;C:\Users\HBH\.m2\repository\jakarta\ws\rs\jakarta.ws.rs-api\3.0.0\jakarta.ws.rs-api-3.0.0.jar;C:\Users\HBH\.m2\repository\org\glassfish\jersey\media\jersey-media-json-jackson\3.0.4\jersey-media-json-jackson-3.0.4.jar;C:\Users\HBH\.m2\repository\org\glassfish\jersey\ext\jersey-entity-filtering\3.0.4\jersey-entity-filtering-3.0.4.jar;C:\Users\HBH\.m2\repository\com\fasterxml\jackson\core\jackson-annotations\2.13.0\jackson-annotations-2.13.0.jar;C:\Users\HBH\.m2\repository\com\fasterxml\jackson\core\jackson-databind\2.13.0\jackson-databind-2.13.0.jar;C:\Users\HBH\.m2\repository\com\fasterxml\jackson\core\jackson-core\2.13.0\jackson-core-2.13.0.jar;C:\Users\HBH\.m2\repository\com\fasterxml\jackson\module\jackson-module-jakarta-xmlbind-annotations\2.13.0\jackson-module-jakarta-xmlbind-annotations-2.13.0.jar;C:\Users\HBH\.m2\repository\jakarta\xml\bind\jakarta.xml.bind-api\3.0.1\jakarta.xml.bind-api-3.0.1.jar;C:\Users\HBH\.m2\repository\com\sun\activation\jakarta.activation\2.0.1\jakarta.activation-2.0.1.jar;C:\Users\HBH\.m2\repository\org\glassfish\jersey\inject\jersey-cdi2-se\3.0.4\jersey-cdi2-se-3.0.4.jar;C:\Users\HBH\.m2\repository\jakarta\enterprise\jakarta.enterprise.cdi-api\3.0.0\jakarta.enterprise.cdi-api-3.0.0.jar;C:\Users\HBH\.m2\repository\jakarta\el\jakarta.el-api\4.0.0\jakarta.el-api-4.0.0.jar;C:\Users\HBH\.m2\repository\jakarta\interceptor\jakarta.interceptor-api\2.0.0\jakarta.interceptor-api-2.0.0.jar;C:\Users\HBH\.m2\repository\org\jboss\weld\se\weld-se-core\4.0.3.Final\weld-se-core-4.0.3.Final.jar;C:\Users\HBH\.m2\repository\org\jboss\weld\environment\weld-environment-common\4.0.3.Final\weld-environment-common-4.0.3.Final.jar;C:\Users\HBH\.m2\repository\org\jboss\weld\weld-core-impl\4.0.3.Final\weld-core-impl-4.0.3.Final.jar;C:\Users\HBH\.m2\repository\org\jboss\weld\weld-api\4.0.SP1\weld-api-4.0.SP1.jar;C:\Users\HBH\.m2\repository\org\jboss\weld\weld-spi\4.0.SP1\weld-spi-4.0.SP1.jar;C:\Users\HBH\.m2\repository\org\jboss\logging\jboss-logging\3.4.3.Final\jboss-logging-3.4.3.Final.jar;C:\Users\HBH\.m2\repository\org\jboss\weld\probe\weld-probe-core\4.0.3.Final\weld-probe-core-4.0.3.Final.jar;C:\Users\HBH\.m2\repository\org\jboss\classfilewriter\jboss-classfilewriter\1.2.5.Final\jboss-classfilewriter-1.2.5.Final.jar;C:\Users\HBH\.m2\repository\org\junit\jupiter\junit-jupiter-api\5.9.2\junit-jupiter-api-5.9.2.jar;C:\Users\HBH\.m2\repository\org\opentest4j\opentest4j\1.2.0\opentest4j-1.2.0.jar;C:\Users\HBH\.m2\repository\org\junit\platform\junit-platform-commons\1.9.2\junit-platform-commons-1.9.2.jar;C:\Users\HBH\.m2\repository\org\apiguardian\apiguardian-api\1.1.2\apiguardian-api-1.1.2.jar;C:\Users\HBH\.m2\repository\org\junit\jupiter\junit-jupiter-engine\5.9.2\junit-jupiter-engine-5.9.2.jar;C:\Users\HBH\.m2\repository\org\junit\platform\junit-platform-engine\1.9.2\junit-platform-engine-1.9.2.jar;"/>
    <property name="sun.cpu.endian" value="little"/>
    <property name="user.home" value="C:\Users\HBH"/>
    <property name="user.language" value="zh"/>
    <property name="java.specification.vendor" value="Oracle Corporation"/>
    <property name="java.version.date" value="2022-08-18"/>
    <property name="java.home" value="C:\Program Files\Java\jdk-11.0.16.1"/>
    <property name="file.separator" value="\"/>
    <property name="basedir" value="D:\testTest\demo"/>
    <property name="java.vm.compressedOopsMode" value="Zero based"/>
    <property name="line.separator" value="&#10;"/>
    <property name="java.specification.name" value="Java Platform API Specification"/>
    <property name="java.vm.specification.vendor" value="Oracle Corporation"/>
    <property name="java.awt.graphicsenv" value="sun.awt.Win32GraphicsEnvironment"/>
    <property name="surefire.real.class.path" value="C:\Users\HBH\AppData\Local\Temp\surefire12562872260559053525\surefirebooter-20231102201624013_3.jar"/>
    <property name="user.script" value=""/>
    <property name="sun.management.compiler" value="HotSpot 64-Bit Tiered Compilers"/>
    <property name="java.runtime.version" value="11.0.16.1+1-LTS-1"/>
    <property name="user.name" value="HBH"/>
    <property name="path.separator" value=";"/>
    <property name="os.version" value="10.0"/>
    <property name="java.runtime.name" value="Java(TM) SE Runtime Environment"/>
    <property name="file.encoding" value="GBK"/>
    <property name="java.vm.name" value="Java HotSpot(TM) 64-Bit Server VM"/>
    <property name="java.vendor.version" value="18.9"/>
    <property name="localRepository" value="C:\Users\HBH\.m2\repository"/>
    <property name="java.vendor.url.bug" value="https://bugreport.java.com/bugreport/"/>
    <property name="java.io.tmpdir" value="C:\Users\HBH\AppData\Local\Temp\"/>
    <property name="idea.version" value="2023.2.3"/>
    <property name="java.version" value="11.0.16.1"/>
    <property name="user.dir" value="D:\testTest\demo"/>
    <property name="os.arch" value="amd64"/>
    <property name="java.vm.specification.name" value="Java Virtual Machine Specification"/>
    <property name="java.awt.printerjob" value="sun.awt.windows.WPrinterJob"/>
    <property name="sun.os.patch.level" value=""/>
    <property name="java.library.path" value="C:\Program Files\Java\jdk-11.0.16.1\bin;C:\Windows\Sun\Java\bin;C:\Windows\system32;C:\Windows;C:\Users\HBH\anaconda3\condabin;C:\Program Files\Common Files\Oracle\Java\javapath;C:\Windows\system32;C:\Windows;C:\Windows\System32\Wbem;C:\Windows\System32\WindowsPowerShell\v1.0\;C:\Windows\System32\OpenSSH\;C:\Program Files (x86)\NVIDIA Corporation\PhysX\Common;C:\Program Files\NVIDIA Corporation\NVIDIA NvDLISR;C:\Program Files\Java\jdk1.7.0_80\bin;C:\Program Files\dotnet\;C:\Program Files\mingw64\bin;C:\Program Files\Common Files\Autodesk Shared\;C:\Program Files (x86)\Autodesk\Backburner\;C:\Users\HBH\anaconda3;C:\Users\HBH\anaconda3\Scripts;C:\Users\HBH\anaconda3\Library\bin;C:\Users\HBH\anaconda3\Library\mingw-w64\bin;C:\apache-maven-3.9.5\bin;C:\apache-tomcat-10.1.13\lib\servlet-api.jar;D:\MyAndroid\gradle-8.4\bin;D:\SQlite;C:\Users\HBH\AppData\Local\Microsoft\WindowsApps;C:\Users\HBH\AppData\Local\Programs\Microsoft VS Code\bin;%IntelliJ IDEA Community Edition%;C:\Users\HBH\.dotnet\tools;C:\Program Files\x86_64-w64-mingw32\bin;D:\idea\IntelliJ IDEA 2023.2.3\bin;;C:\Program Files\MySQL\MySQL Server 8.2\bin;;."/>
    <property name="java.vendor" value="Oracle Corporation"/>
    <property name="java.vm.info" value="mixed mode"/>
    <property name="java.vm.version" value="11.0.16.1+1-LTS-1"/>
    <property name="sun.io.unicode.encoding" value="UnicodeLittle"/>
    <property name="java.class.version" value="55.0"/>
  </properties>
  <testcase name="test01" classname="TestToTest" time="0.017">
    <system-out><![CDATA[33
]]></system-out>
  </testcase>
</testsuite>